c ======================================================
c countAntom, Jan Burchard, University of Freiburg, 2015
c   based on the antom SAT-solver, by Tobias Schubert   
c ======================================================
c cnf file...............: ../../501_Git_Repos/busybox-data/data//busybox_monthly//2007-07-01_14-53-06/clean.dimacs
c #variables.............: 594
c #clauses...............: 480
c ======================= Settings ============================
c number of threads......: 4
c memory size............: 4000
c vsads factor...........: 0.5000
c enable IBCP............: no
c split into components..: yes
c only preprocessing.....: no
c Tseitin detection......: yes
c UPLA...................: yes
c self-subsumption.......: yes
c variable elimination...: yes
c simplfication rounds...: 4
c add dependencies.......: yes
c ==================Start Preprocessing========================
c deduce added 				5 new implications
c UPLA removed 6 equivalent variables
c Tseitin detection found 3 AND gates, 1 OR gates, 0 XOR gates, 0 EQUIV gates, 
c subsumption removed 			26 clauses 
c selfSubsumption removed 		3 literals
c
c simplify: round 0
c deduce added 				0 new implications
c variableElimination eliminated 	64 variables!
c selfSubsumption removed 		0 literals
c deduce added				0 new implications
c subsumption removed 			6 clauses 
c
c simplify: round 1
c deduce added 				0 new implications
c variableElimination eliminated 	1 variables!
c selfSubsumption removed 		2 literals
c deduce added				0 new implications
c subsumption removed 			0 clauses 
c
c simplify: round 2
c deduce added 				0 new implications
c variableElimination eliminated 	0 variables!
c selfSubsumption removed 		0 literals
c deduce added				0 new implications
c subsumption removed 			0 clauses 
c
c simplify: round 3
c deduce added 				0 new implications
c variableElimination eliminated 	0 variables!
c selfSubsumption removed 		0 literals
c deduce added				0 new implications
c subsumption removed 			0 clauses 
c subsumption removed 			1 clauses 
c ================Preprocessing Finished=======================
c clauses: 484, variables: 437


c =================Computation Finished========================
c =======================Thread 0==============================
c decisions         : 72
c bcps              : 470
c conflicts         : 0
c aborted components: 0
c blocks            : 1
c backtracks        : 144
c backtrack dist    : 1.9722
c recomputations    : 0
c splits            : 49
c split ratio       : 5.7551
c =======================Thread 1==============================
c decisions         : 77
c bcps              : 528
c conflicts         : 0
c aborted components: 0
c blocks            : 4
c backtracks        : 154
c backtrack dist    : 2.0195
c recomputations    : 0
c splits            : 64
c split ratio       : 2.9375
c =======================Thread 2==============================
c decisions         : 45
c bcps              : 320
c conflicts         : 0
c aborted components: 0
c blocks            : 6
c backtracks        : 90
c backtrack dist    : 2.1667
c recomputations    : 0
c splits            : 35
c split ratio       : 2.8571
c =======================Thread 3==============================
c decisions         : 48
c bcps              : 321
c conflicts         : 0
c aborted components: 0
c blocks            : 4
c backtracks        : 96
c backtrack dist    : 2.0625
c recomputations    : 0
c splits            : 27
c split ratio       : 5.4444
c ===================Cache Statistics==========================
c tries..................: 409
c hits...................: 167
c hit rate...............: 40.8313 % 
c removed items..........: 0
c ===================Overall Statistics========================
c TOTAL backtracks.......: 484
c TOTAL backtrack dist...: 2.0413
c TOTAL recomputations...: 0
c #decisions.............: 242
c #bcp operations........: 1639
c split ratio............: 0.0000
c cpu time...............: 0.0152 s
c wall clock time........: 0.0120 s
c =========================================================
c model count............: 1755787435880761982543049818180260114879001423740004915682162423586060097314596877807325870605547710186044768682168601871951427125903360000000000000
s SATISFIABLE
