c ======================================================
c countAntom, Jan Burchard, University of Freiburg, 2015
c   based on the antom SAT-solver, by Tobias Schubert   
c ======================================================
c cnf file...............: ../../501_Git_Repos/busybox-data/data//busybox_monthly//2007-11-02_23-31-10/clean.dimacs
c #variables.............: 622
c #clauses...............: 511
c ======================= Settings ============================
c number of threads......: 4
c memory size............: 4000
c vsads factor...........: 0.5000
c enable IBCP............: no
c split into components..: yes
c only preprocessing.....: no
c Tseitin detection......: yes
c UPLA...................: yes
c self-subsumption.......: yes
c variable elimination...: yes
c simplfication rounds...: 4
c add dependencies.......: yes
c ==================Start Preprocessing========================
c deduce added 				5 new implications
c UPLA removed 7 equivalent variables
c Tseitin detection found 3 AND gates, 1 OR gates, 0 XOR gates, 0 EQUIV gates, 
c subsumption removed 			27 clauses 
c selfSubsumption removed 		2 literals
c
c simplify: round 0
c deduce added 				0 new implications
c variableElimination eliminated 	71 variables!
c selfSubsumption removed 		0 literals
c deduce added				0 new implications
c subsumption removed 			7 clauses 
c
c simplify: round 1
c deduce added 				0 new implications
c variableElimination eliminated 	1 variables!
c selfSubsumption removed 		2 literals
c deduce added				0 new implications
c subsumption removed 			0 clauses 
c
c simplify: round 2
c deduce added 				0 new implications
c variableElimination eliminated 	0 variables!
c selfSubsumption removed 		0 literals
c deduce added				0 new implications
c subsumption removed 			0 clauses 
c
c simplify: round 3
c deduce added 				0 new implications
c variableElimination eliminated 	0 variables!
c selfSubsumption removed 		0 literals
c deduce added				0 new implications
c subsumption removed 			0 clauses 
c subsumption removed 			2 clauses 
c ================Preprocessing Finished=======================
c clauses: 511, variables: 457


c =================Computation Finished========================
c =======================Thread 0==============================
c decisions         : 55
c bcps              : 416
c conflicts         : 0
c aborted components: 0
c blocks            : 1
c backtracks        : 110
c backtrack dist    : 1.9636
c recomputations    : 0
c splits            : 28
c split ratio       : 10.0714
c =======================Thread 1==============================
c decisions         : 66
c bcps              : 433
c conflicts         : 0
c aborted components: 0
c blocks            : 3
c backtracks        : 132
c backtrack dist    : 1.9848
c recomputations    : 0
c splits            : 70
c split ratio       : 2.1714
c =======================Thread 2==============================
c decisions         : 70
c bcps              : 456
c conflicts         : 0
c aborted components: 0
c blocks            : 4
c backtracks        : 140
c backtrack dist    : 1.9929
c recomputations    : 0
c splits            : 60
c split ratio       : 2.5667
c =======================Thread 3==============================
c decisions         : 51
c bcps              : 324
c conflicts         : 0
c aborted components: 0
c blocks            : 2
c backtracks        : 102
c backtrack dist    : 1.9706
c recomputations    : 0
c splits            : 23
c split ratio       : 5.7826
c ===================Cache Statistics==========================
c tries..................: 419
c hits...................: 177
c hit rate...............: 42.2434 % 
c removed items..........: 0
c ===================Overall Statistics========================
c TOTAL backtracks.......: 484
c TOTAL backtrack dist...: 1.9793
c TOTAL recomputations...: 0
c #decisions.............: 242
c #bcp operations........: 1629
c split ratio............: 0.0000
c cpu time...............: 0.0123 s
c wall clock time........: 0.0096 s
c =========================================================
c model count............: 4503268437954848723943799807323350400386226465351176413480936215663790498436750503687910670061182796881315905082079089962181282844354019328000000000000000
s SATISFIABLE
