c ======================================================
c countAntom, Jan Burchard, University of Freiburg, 2015
c   based on the antom SAT-solver, by Tobias Schubert   
c ======================================================
c cnf file...............: ../../501_Git_Repos/busybox-data/data//busybox_monthly//2007-05-20_17-12-43/clean.dimacs
c #variables.............: 574
c #clauses...............: 463
c ======================= Settings ============================
c number of threads......: 4
c memory size............: 4000
c vsads factor...........: 0.5000
c enable IBCP............: no
c split into components..: yes
c only preprocessing.....: no
c Tseitin detection......: yes
c UPLA...................: yes
c self-subsumption.......: yes
c variable elimination...: yes
c simplfication rounds...: 4
c add dependencies.......: yes
c ==================Start Preprocessing========================
c deduce added 				5 new implications
c UPLA removed 4 equivalent variables
c Tseitin detection found 3 AND gates, 1 OR gates, 0 XOR gates, 0 EQUIV gates, 
c subsumption removed 			26 clauses 
c selfSubsumption removed 		3 literals
c
c simplify: round 0
c deduce added 				0 new implications
c variableElimination eliminated 	64 variables!
c selfSubsumption removed 		0 literals
c deduce added				0 new implications
c subsumption removed 			10 clauses 
c
c simplify: round 1
c deduce added 				0 new implications
c variableElimination eliminated 	1 variables!
c selfSubsumption removed 		0 literals
c deduce added				0 new implications
c subsumption removed 			0 clauses 
c
c simplify: round 2
c deduce added 				0 new implications
c variableElimination eliminated 	0 variables!
c selfSubsumption removed 		0 literals
c deduce added				0 new implications
c subsumption removed 			0 clauses 
c
c simplify: round 3
c deduce added 				0 new implications
c variableElimination eliminated 	0 variables!
c selfSubsumption removed 		0 literals
c deduce added				0 new implications
c subsumption removed 			0 clauses 
c subsumption removed 			3 clauses 
c ================Preprocessing Finished=======================
c clauses: 467, variables: 424


c =================Computation Finished========================
c =======================Thread 0==============================
c decisions         : 66
c bcps              : 449
c conflicts         : 0
c aborted components: 0
c blocks            : 1
c backtracks        : 132
c backtrack dist    : 1.9773
c recomputations    : 0
c splits            : 49
c split ratio       : 5.4286
c =======================Thread 1==============================
c decisions         : 59
c bcps              : 369
c conflicts         : 0
c aborted components: 0
c blocks            : 2
c backtracks        : 118
c backtrack dist    : 1.9746
c recomputations    : 0
c splits            : 54
c split ratio       : 2.3704
c =======================Thread 2==============================
c decisions         : 50
c bcps              : 317
c conflicts         : 0
c aborted components: 0
c blocks            : 4
c backtracks        : 100
c backtrack dist    : 1.9700
c recomputations    : 0
c splits            : 21
c split ratio       : 6.5714
c =======================Thread 3==============================
c decisions         : 46
c bcps              : 312
c conflicts         : 0
c aborted components: 0
c blocks            : 4
c backtracks        : 92
c backtrack dist    : 1.9891
c recomputations    : 0
c splits            : 26
c split ratio       : 3.8462
c ===================Cache Statistics==========================
c tries..................: 341
c hits...................: 120
c hit rate...............: 35.1906 % 
c removed items..........: 0
c ===================Overall Statistics========================
c TOTAL backtracks.......: 442
c TOTAL backtrack dist...: 1.9774
c TOTAL recomputations...: 0
c #decisions.............: 221
c #bcp operations........: 1447
c split ratio............: 0.0000
c cpu time...............: 0.0118 s
c wall clock time........: 0.0093 s
c =========================================================
c model count............: 25336603560225674263506783787986025418133021869272078604072228148072055266798525422732848803501299032409207351548188201101505331200000000000000
s SATISFIABLE
