c ======================================================
c countAntom, Jan Burchard, University of Freiburg, 2015
c   based on the antom SAT-solver, by Tobias Schubert   
c ======================================================
c cnf file...............: ../../501_Git_Repos/busybox-data/data//busybox_monthly//2008-04-01_14-47-57/clean.dimacs
c #variables.............: 691
c #clauses...............: 562
c ======================= Settings ============================
c number of threads......: 4
c memory size............: 4000
c vsads factor...........: 0.5000
c enable IBCP............: no
c split into components..: yes
c only preprocessing.....: no
c Tseitin detection......: yes
c UPLA...................: yes
c self-subsumption.......: yes
c variable elimination...: yes
c simplfication rounds...: 4
c add dependencies.......: yes
c ==================Start Preprocessing========================
c deduce added 				6 new implications
c UPLA removed 10 equivalent variables
c Tseitin detection found 3 AND gates, 2 OR gates, 0 XOR gates, 0 EQUIV gates, 
c subsumption removed 			27 clauses 
c selfSubsumption removed 		2 literals
c
c simplify: round 0
c deduce added 				0 new implications
c variableElimination eliminated 	78 variables!
c selfSubsumption removed 		0 literals
c deduce added				0 new implications
c subsumption removed 			4 clauses 
c
c simplify: round 1
c deduce added 				0 new implications
c variableElimination eliminated 	0 variables!
c selfSubsumption removed 		0 literals
c deduce added				0 new implications
c subsumption removed 			0 clauses 
c
c simplify: round 2
c deduce added 				0 new implications
c variableElimination eliminated 	0 variables!
c selfSubsumption removed 		0 literals
c deduce added				0 new implications
c subsumption removed 			0 clauses 
c
c simplify: round 3
c deduce added 				0 new implications
c variableElimination eliminated 	0 variables!
c selfSubsumption removed 		0 literals
c deduce added				0 new implications
c subsumption removed 			0 clauses 
c subsumption removed 			3 clauses 
c ================Preprocessing Finished=======================
c clauses: 541, variables: 512


c =================Computation Finished========================
c =======================Thread 0==============================
c decisions         : 77
c bcps              : 554
c conflicts         : 0
c aborted components: 0
c blocks            : 1
c backtracks        : 154
c backtrack dist    : 1.9935
c recomputations    : 0
c splits            : 44
c split ratio       : 7.8636
c =======================Thread 1==============================
c decisions         : 71
c bcps              : 463
c conflicts         : 0
c aborted components: 0
c blocks            : 3
c backtracks        : 142
c backtrack dist    : 2.0070
c recomputations    : 0
c splits            : 56
c split ratio       : 2.7857
c =======================Thread 2==============================
c decisions         : 54
c bcps              : 370
c conflicts         : 0
c aborted components: 0
c blocks            : 3
c backtracks        : 108
c backtrack dist    : 1.9630
c recomputations    : 0
c splits            : 35
c split ratio       : 4.2286
c =======================Thread 3==============================
c decisions         : 50
c bcps              : 327
c conflicts         : 0
c aborted components: 0
c blocks            : 3
c backtracks        : 100
c backtrack dist    : 2.0300
c recomputations    : 0
c splits            : 46
c split ratio       : 2.5652
c ===================Cache Statistics==========================
c tries..................: 446
c hits...................: 194
c hit rate...............: 43.4978 % 
c removed items..........: 0
c ===================Overall Statistics========================
c TOTAL backtracks.......: 504
c TOTAL backtrack dist...: 1.9980
c TOTAL recomputations...: 0
c #decisions.............: 252
c #bcp operations........: 1714
c split ratio............: 0.0000
c cpu time...............: 0.0131 s
c wall clock time........: 0.0101 s
c =========================================================
c model count............: 3034005541303361409878970414924584800378459342135129334716980843033102377981599630534334444460042364028691408398278873072417398336836552861469234944777650176000000000000000
s SATISFIABLE
