c ======================================================
c countAntom, Jan Burchard, University of Freiburg, 2015
c   based on the antom SAT-solver, by Tobias Schubert   
c ======================================================
c cnf file...............: ../../501_Git_Repos/busybox-data/data//busybox_monthly//2008-08-01_02-15-05/clean.dimacs
c #variables.............: 718
c #clauses...............: 612
c ======================= Settings ============================
c number of threads......: 4
c memory size............: 4000
c vsads factor...........: 0.5000
c enable IBCP............: no
c split into components..: yes
c only preprocessing.....: no
c Tseitin detection......: yes
c UPLA...................: yes
c self-subsumption.......: yes
c variable elimination...: yes
c simplfication rounds...: 4
c add dependencies.......: yes
c ==================Start Preprocessing========================
c deduce added 				7 new implications
c UPLA removed 10 equivalent variables
c Tseitin detection found 3 AND gates, 2 OR gates, 0 XOR gates, 0 EQUIV gates, 
c subsumption removed 			43 clauses 
c selfSubsumption removed 		2 literals
c
c simplify: round 0
c deduce added 				0 new implications
c variableElimination eliminated 	82 variables!
c selfSubsumption removed 		1 literals
c deduce added				0 new implications
c subsumption removed 			16 clauses 
c
c simplify: round 1
c deduce added 				0 new implications
c variableElimination eliminated 	2 variables!
c selfSubsumption removed 		0 literals
c deduce added				0 new implications
c subsumption removed 			3 clauses 
c
c simplify: round 2
c deduce added 				0 new implications
c variableElimination eliminated 	0 variables!
c selfSubsumption removed 		0 literals
c deduce added				0 new implications
c subsumption removed 			0 clauses 
c
c simplify: round 3
c deduce added 				0 new implications
c variableElimination eliminated 	0 variables!
c selfSubsumption removed 		0 literals
c deduce added				0 new implications
c subsumption removed 			0 clauses 
c subsumption removed 			3 clauses 
c ================Preprocessing Finished=======================
c clauses: 586, variables: 533


c =================Computation Finished========================
c =======================Thread 0==============================
c decisions         : 97
c bcps              : 638
c conflicts         : 0
c aborted components: 0
c blocks            : 1
c backtracks        : 194
c backtrack dist    : 1.9588
c recomputations    : 0
c splits            : 53
c split ratio       : 7.4528
c =======================Thread 1==============================
c decisions         : 55
c bcps              : 377
c conflicts         : 0
c aborted components: 0
c blocks            : 3
c backtracks        : 110
c backtrack dist    : 2.0000
c recomputations    : 0
c splits            : 47
c split ratio       : 3.8723
c =======================Thread 2==============================
c decisions         : 52
c bcps              : 401
c conflicts         : 0
c aborted components: 0
c blocks            : 10
c backtracks        : 104
c backtrack dist    : 2.3077
c recomputations    : 0
c splits            : 31
c split ratio       : 3.6774
c =======================Thread 3==============================
c decisions         : 67
c bcps              : 466
c conflicts         : 0
c aborted components: 0
c blocks            : 8
c backtracks        : 134
c backtrack dist    : 2.1493
c recomputations    : 0
c splits            : 56
c split ratio       : 2.8393
c ===================Cache Statistics==========================
c tries..................: 496
c hits...................: 225
c hit rate...............: 45.3629 % 
c removed items..........: 0
c ===================Overall Statistics========================
c TOTAL backtracks.......: 542
c TOTAL backtrack dist...: 2.0812
c TOTAL recomputations...: 0
c #decisions.............: 271
c #bcp operations........: 1882
c split ratio............: 0.0000
c cpu time...............: 0.0186 s
c wall clock time........: 0.0139 s
c =========================================================
c model count............: 61684802110133908242716666995302872442399445658677415212267274137295624928121426117491368606325521329267476305203501858979567753645555423700073531008570611466240000000000000000
s SATISFIABLE
