c ======================================================
c countAntom, Jan Burchard, University of Freiburg, 2015
c   based on the antom SAT-solver, by Tobias Schubert   
c ======================================================
c cnf file...............: ../../501_Git_Repos/busybox-data/data//busybox_monthly//2008-11-01_00-10-51/clean.dimacs
c #variables.............: 724
c #clauses...............: 581
c ======================= Settings ============================
c number of threads......: 4
c memory size............: 4000
c vsads factor...........: 0.5000
c enable IBCP............: no
c split into components..: yes
c only preprocessing.....: no
c Tseitin detection......: yes
c UPLA...................: yes
c self-subsumption.......: yes
c variable elimination...: yes
c simplfication rounds...: 4
c add dependencies.......: yes
c ==================Start Preprocessing========================
c deduce added 				9 new implications
c UPLA removed 12 equivalent variables
c Tseitin detection found 3 AND gates, 2 OR gates, 0 XOR gates, 0 EQUIV gates, 
c subsumption removed 			21 clauses 
c selfSubsumption removed 		2 literals
c
c simplify: round 0
c deduce added 				0 new implications
c variableElimination eliminated 	84 variables!
c selfSubsumption removed 		0 literals
c deduce added				0 new implications
c subsumption removed 			5 clauses 
c
c simplify: round 1
c deduce added 				0 new implications
c variableElimination eliminated 	0 variables!
c selfSubsumption removed 		0 literals
c deduce added				0 new implications
c subsumption removed 			0 clauses 
c
c simplify: round 2
c deduce added 				0 new implications
c variableElimination eliminated 	0 variables!
c selfSubsumption removed 		0 literals
c deduce added				0 new implications
c subsumption removed 			0 clauses 
c
c simplify: round 3
c deduce added 				0 new implications
c variableElimination eliminated 	0 variables!
c selfSubsumption removed 		0 literals
c deduce added				0 new implications
c subsumption removed 			0 clauses 
c subsumption removed 			5 clauses 
c ================Preprocessing Finished=======================
c clauses: 580, variables: 533


c =================Computation Finished========================
c =======================Thread 0==============================
c decisions         : 74
c bcps              : 544
c conflicts         : 0
c aborted components: 0
c blocks            : 1
c backtracks        : 148
c backtrack dist    : 1.9730
c recomputations    : 0
c splits            : 49
c split ratio       : 7.0000
c =======================Thread 1==============================
c decisions         : 72
c bcps              : 462
c conflicts         : 0
c aborted components: 0
c blocks            : 5
c backtracks        : 144
c backtrack dist    : 1.9931
c recomputations    : 0
c splits            : 39
c split ratio       : 3.8974
c =======================Thread 2==============================
c decisions         : 57
c bcps              : 367
c conflicts         : 0
c aborted components: 0
c blocks            : 4
c backtracks        : 114
c backtrack dist    : 1.9825
c recomputations    : 0
c splits            : 35
c split ratio       : 3.7429
c =======================Thread 3==============================
c decisions         : 51
c bcps              : 341
c conflicts         : 0
c aborted components: 0
c blocks            : 3
c backtracks        : 102
c backtrack dist    : 1.9902
c recomputations    : 0
c splits            : 49
c split ratio       : 3.0816
c ===================Cache Statistics==========================
c tries..................: 442
c hits...................: 188
c hit rate...............: 42.5339 % 
c removed items..........: 0
c ===================Overall Statistics========================
c TOTAL backtracks.......: 508
c TOTAL backtrack dist...: 1.9843
c TOTAL recomputations...: 0
c #decisions.............: 254
c #bcp operations........: 1714
c split ratio............: 0.0000
c cpu time...............: 0.0132 s
c wall clock time........: 0.0103 s
c =========================================================
c model count............: 2109958040806627785428945633447748396269458077353506352025876596931270987719099611712132130494712147446624251879775934437622452310302212187037377143007005271654400000000000000000
s SATISFIABLE
