c ======================================================
c countAntom, Jan Burchard, University of Freiburg, 2015
c   based on the antom SAT-solver, by Tobias Schubert   
c ======================================================
c cnf file...............: ../../501_Git_Repos/busybox-data/data//busybox_monthly//2008-07-01_01-57-36/clean.dimacs
c #variables.............: 710
c #clauses...............: 593
c ======================= Settings ============================
c number of threads......: 4
c memory size............: 4000
c vsads factor...........: 0.5000
c enable IBCP............: no
c split into components..: yes
c only preprocessing.....: no
c Tseitin detection......: yes
c UPLA...................: yes
c self-subsumption.......: yes
c variable elimination...: yes
c simplfication rounds...: 4
c add dependencies.......: yes
c ==================Start Preprocessing========================
c deduce added 				7 new implications
c UPLA removed 10 equivalent variables
c Tseitin detection found 3 AND gates, 2 OR gates, 0 XOR gates, 0 EQUIV gates, 
c subsumption removed 			34 clauses 
c selfSubsumption removed 		3 literals
c
c simplify: round 0
c deduce added 				0 new implications
c variableElimination eliminated 	80 variables!
c selfSubsumption removed 		0 literals
c deduce added				0 new implications
c subsumption removed 			5 clauses 
c
c simplify: round 1
c deduce added 				0 new implications
c variableElimination eliminated 	0 variables!
c selfSubsumption removed 		0 literals
c deduce added				0 new implications
c subsumption removed 			0 clauses 
c
c simplify: round 2
c deduce added 				0 new implications
c variableElimination eliminated 	0 variables!
c selfSubsumption removed 		0 literals
c deduce added				0 new implications
c subsumption removed 			0 clauses 
c
c simplify: round 3
c deduce added 				0 new implications
c variableElimination eliminated 	0 variables!
c selfSubsumption removed 		0 literals
c deduce added				0 new implications
c subsumption removed 			0 clauses 
c subsumption removed 			4 clauses 
c ================Preprocessing Finished=======================
c clauses: 566, variables: 526


c =================Computation Finished========================
c =======================Thread 0==============================
c decisions         : 74
c bcps              : 504
c conflicts         : 0
c aborted components: 0
c blocks            : 3
c backtracks        : 148
c backtrack dist    : 1.9932
c recomputations    : 0
c splits            : 52
c split ratio       : 4.2115
c =======================Thread 1==============================
c decisions         : 82
c bcps              : 530
c conflicts         : 0
c aborted components: 0
c blocks            : 1
c backtracks        : 164
c backtrack dist    : 1.9756
c recomputations    : 0
c splits            : 42
c split ratio       : 7.9048
c =======================Thread 2==============================
c decisions         : 50
c bcps              : 331
c conflicts         : 0
c aborted components: 0
c blocks            : 5
c backtracks        : 100
c backtrack dist    : 1.9700
c recomputations    : 0
c splits            : 54
c split ratio       : 2.2963
c =======================Thread 3==============================
c decisions         : 55
c bcps              : 413
c conflicts         : 0
c aborted components: 0
c blocks            : 6
c backtracks        : 110
c backtrack dist    : 2.1091
c recomputations    : 0
c splits            : 39
c split ratio       : 3.1795
c ===================Cache Statistics==========================
c tries..................: 465
c hits...................: 204
c hit rate...............: 43.8710 % 
c removed items..........: 0
c ===================Overall Statistics========================
c TOTAL backtracks.......: 522
c TOTAL backtrack dist...: 2.0077
c TOTAL recomputations...: 0
c #decisions.............: 261
c #bcp operations........: 1778
c split ratio............: 0.0000
c cpu time...............: 0.0137 s
c wall clock time........: 0.0106 s
c =========================================================
c model count............: 7309054472194446011651328087832441083201880238352754948784615281127808354740657897912786739145953485003799229077262277322488195431230238622987881097434748682240000000000000000
s SATISFIABLE
