c ======================================================
c countAntom, Jan Burchard, University of Freiburg, 2015
c   based on the antom SAT-solver, by Tobias Schubert   
c ======================================================
c cnf file...............: ../../501_Git_Repos/busybox-data/data//busybox_monthly//2009-04-01_11-24-04/clean.dimacs
c #variables.............: 741
c #clauses...............: 615
c ======================= Settings ============================
c number of threads......: 4
c memory size............: 4000
c vsads factor...........: 0.5000
c enable IBCP............: no
c split into components..: yes
c only preprocessing.....: no
c Tseitin detection......: yes
c UPLA...................: yes
c self-subsumption.......: yes
c variable elimination...: yes
c simplfication rounds...: 4
c add dependencies.......: yes
c ==================Start Preprocessing========================
c deduce added 				8 new implications
c UPLA removed 12 equivalent variables
c Tseitin detection found 4 AND gates, 4 OR gates, 0 XOR gates, 0 EQUIV gates, 
c subsumption removed 			29 clauses 
c selfSubsumption removed 		3 literals
c
c simplify: round 0
c deduce added 				0 new implications
c variableElimination eliminated 	101 variables!
c selfSubsumption removed 		0 literals
c deduce added				0 new implications
c subsumption removed 			5 clauses 
c
c simplify: round 1
c deduce added 				0 new implications
c variableElimination eliminated 	0 variables!
c selfSubsumption removed 		0 literals
c deduce added				0 new implications
c subsumption removed 			0 clauses 
c
c simplify: round 2
c deduce added 				0 new implications
c variableElimination eliminated 	0 variables!
c selfSubsumption removed 		0 literals
c deduce added				0 new implications
c subsumption removed 			0 clauses 
c
c simplify: round 3
c deduce added 				0 new implications
c variableElimination eliminated 	0 variables!
c selfSubsumption removed 		0 literals
c deduce added				0 new implications
c subsumption removed 			0 clauses 
c subsumption removed 			3 clauses 
c ================Preprocessing Finished=======================
c clauses: 579, variables: 544


c =================Computation Finished========================
c =======================Thread 0==============================
c decisions         : 102
c bcps              : 738
c conflicts         : 0
c aborted components: 0
c blocks            : 1
c backtracks        : 204
c backtrack dist    : 1.9706
c recomputations    : 0
c splits            : 93
c split ratio       : 5.1720
c =======================Thread 1==============================
c decisions         : 75
c bcps              : 641
c conflicts         : 0
c aborted components: 0
c blocks            : 14
c backtracks        : 150
c backtrack dist    : 2.2800
c recomputations    : 0
c splits            : 60
c split ratio       : 2.9833
c =======================Thread 2==============================
c decisions         : 81
c bcps              : 630
c conflicts         : 0
c aborted components: 0
c blocks            : 9
c backtracks        : 162
c backtrack dist    : 2.1358
c recomputations    : 0
c splits            : 61
c split ratio       : 4.4262
c =======================Thread 3==============================
c decisions         : 86
c bcps              : 665
c conflicts         : 0
c aborted components: 0
c blocks            : 2
c backtracks        : 172
c backtrack dist    : 1.9651
c recomputations    : 0
c splits            : 126
c split ratio       : 2.6587
c ===================Cache Statistics==========================
c tries..................: 918
c hits...................: 574
c hit rate...............: 62.5272 % 
c removed items..........: 0
c ===================Overall Statistics========================
c TOTAL backtracks.......: 688
c TOTAL backtrack dist...: 2.0756
c TOTAL recomputations...: 0
c #decisions.............: 344
c #bcp operations........: 2674
c split ratio............: 0.0000
c cpu time...............: 0.0202 s
c wall clock time........: 0.0142 s
c =========================================================
c model count............: 3865831797183049532171856781256747810170800519153944021811813224237205931813610708384153283669033077476797342295795878789123764271651805846758747193311251209912320000000000000000000
s SATISFIABLE
