c ======================================================
c countAntom, Jan Burchard, University of Freiburg, 2015
c   based on the antom SAT-solver, by Tobias Schubert   
c ======================================================
c cnf file...............: ../../501_Git_Repos/busybox-data/data//busybox_monthly//2009-12-01_02-32-01/clean.dimacs
c #variables.............: 782
c #clauses...............: 667
c ======================= Settings ============================
c number of threads......: 4
c memory size............: 4000
c vsads factor...........: 0.5000
c enable IBCP............: no
c split into components..: yes
c only preprocessing.....: no
c Tseitin detection......: yes
c UPLA...................: yes
c self-subsumption.......: yes
c variable elimination...: yes
c simplfication rounds...: 4
c add dependencies.......: yes
c ==================Start Preprocessing========================
c deduce added 				8 new implications
c UPLA removed 15 equivalent variables
c Tseitin detection found 4 AND gates, 6 OR gates, 0 XOR gates, 0 EQUIV gates, 
c subsumption removed 			37 clauses 
c selfSubsumption removed 		3 literals
c
c simplify: round 0
c deduce added 				0 new implications
c variableElimination eliminated 	111 variables!
c selfSubsumption removed 		0 literals
c deduce added				0 new implications
c subsumption removed 			7 clauses 
c
c simplify: round 1
c deduce added 				0 new implications
c variableElimination eliminated 	1 variables!
c selfSubsumption removed 		0 literals
c deduce added				0 new implications
c subsumption removed 			0 clauses 
c
c simplify: round 2
c deduce added 				0 new implications
c variableElimination eliminated 	0 variables!
c selfSubsumption removed 		0 literals
c deduce added				0 new implications
c subsumption removed 			0 clauses 
c
c simplify: round 3
c deduce added 				0 new implications
c variableElimination eliminated 	0 variables!
c selfSubsumption removed 		0 literals
c deduce added				0 new implications
c subsumption removed 			0 clauses 
c subsumption removed 			4 clauses 
c ================Preprocessing Finished=======================
c clauses: 608, variables: 571


c =================Computation Finished========================
c =======================Thread 0==============================
c decisions         : 107
c bcps              : 788
c conflicts         : 0
c aborted components: 0
c blocks            : 1
c backtracks        : 214
c backtrack dist    : 1.9813
c recomputations    : 0
c splits            : 91
c split ratio       : 5.3407
c =======================Thread 1==============================
c decisions         : 74
c bcps              : 681
c conflicts         : 0
c aborted components: 0
c blocks            : 11
c backtracks        : 148
c backtrack dist    : 2.4189
c recomputations    : 0
c splits            : 70
c split ratio       : 2.6571
c =======================Thread 2==============================
c decisions         : 75
c bcps              : 589
c conflicts         : 0
c aborted components: 0
c blocks            : 6
c backtracks        : 150
c backtrack dist    : 1.9267
c recomputations    : 0
c splits            : 76
c split ratio       : 3.8026
c =======================Thread 3==============================
c decisions         : 105
c bcps              : 744
c conflicts         : 0
c aborted components: 0
c blocks            : 2
c backtracks        : 210
c backtrack dist    : 2.0000
c recomputations    : 0
c splits            : 124
c split ratio       : 2.8952
c ===================Cache Statistics==========================
c tries..................: 960
c hits...................: 599
c hit rate...............: 62.3958 % 
c removed items..........: 0
c ===================Overall Statistics========================
c TOTAL backtracks.......: 722
c TOTAL backtrack dist...: 2.0651
c TOTAL recomputations...: 0
c #decisions.............: 361
c #bcp operations........: 2802
c split ratio............: 0.0000
c cpu time...............: 0.0181 s
c wall clock time........: 0.0129 s
c =========================================================
c model count............: 1885151548496885149261450996088503457854223658725084276549774482535635952822543801764798608885659011397597476880704804964214629536284725338456161716577522814888747991040000000000000000000000
s SATISFIABLE
