c ======================================================
c countAntom, Jan Burchard, University of Freiburg, 2015
c   based on the antom SAT-solver, by Tobias Schubert   
c ======================================================
c cnf file...............: ../../501_Git_Repos/busybox-data/data//busybox_monthly//2009-10-02_01-10-32/clean.dimacs
c #variables.............: 770
c #clauses...............: 652
c ======================= Settings ============================
c number of threads......: 4
c memory size............: 4000
c vsads factor...........: 0.5000
c enable IBCP............: no
c split into components..: yes
c only preprocessing.....: no
c Tseitin detection......: yes
c UPLA...................: yes
c self-subsumption.......: yes
c variable elimination...: yes
c simplfication rounds...: 4
c add dependencies.......: yes
c ==================Start Preprocessing========================
c deduce added 				8 new implications
c UPLA removed 15 equivalent variables
c Tseitin detection found 4 AND gates, 6 OR gates, 0 XOR gates, 0 EQUIV gates, 
c subsumption removed 			37 clauses 
c selfSubsumption removed 		2 literals
c
c simplify: round 0
c deduce added 				0 new implications
c variableElimination eliminated 	106 variables!
c selfSubsumption removed 		0 literals
c deduce added				0 new implications
c subsumption removed 			5 clauses 
c
c simplify: round 1
c deduce added 				0 new implications
c variableElimination eliminated 	1 variables!
c selfSubsumption removed 		0 literals
c deduce added				0 new implications
c subsumption removed 			0 clauses 
c
c simplify: round 2
c deduce added 				0 new implications
c variableElimination eliminated 	0 variables!
c selfSubsumption removed 		0 literals
c deduce added				0 new implications
c subsumption removed 			0 clauses 
c
c simplify: round 3
c deduce added 				0 new implications
c variableElimination eliminated 	0 variables!
c selfSubsumption removed 		0 literals
c deduce added				0 new implications
c subsumption removed 			0 clauses 
c subsumption removed 			4 clauses 
c ================Preprocessing Finished=======================
c clauses: 598, variables: 562


c =================Computation Finished========================
c =======================Thread 0==============================
c decisions         : 112
c bcps              : 812
c conflicts         : 0
c aborted components: 0
c blocks            : 1
c backtracks        : 224
c backtrack dist    : 1.9821
c recomputations    : 0
c splits            : 112
c split ratio       : 4.5446
c =======================Thread 1==============================
c decisions         : 83
c bcps              : 654
c conflicts         : 0
c aborted components: 0
c blocks            : 16
c backtracks        : 166
c backtrack dist    : 2.3614
c recomputations    : 0
c splits            : 67
c split ratio       : 3.7761
c =======================Thread 2==============================
c decisions         : 101
c bcps              : 714
c conflicts         : 0
c aborted components: 0
c blocks            : 2
c backtracks        : 202
c backtrack dist    : 1.9653
c recomputations    : 0
c splits            : 107
c split ratio       : 3.2617
c =======================Thread 3==============================
c decisions         : 54
c bcps              : 547
c conflicts         : 0
c aborted components: 0
c blocks            : 18
c backtracks        : 108
c backtrack dist    : 2.7963
c recomputations    : 0
c splits            : 56
c split ratio       : 2.5893
c ===================Cache Statistics==========================
c tries..................: 899
c hits...................: 549
c hit rate...............: 61.0679 % 
c removed items..........: 0
c ===================Overall Statistics========================
c TOTAL backtracks.......: 700
c TOTAL backtrack dist...: 2.1929
c TOTAL recomputations...: 0
c #decisions.............: 350
c #bcp operations........: 2727
c split ratio............: 0.0000
c cpu time...............: 0.0198 s
c wall clock time........: 0.0134 s
c =========================================================
c model count............: 3313065574677136264567063920496956742334628612579744838896202225925973288244114452363608548370142237501824888469298134228767941807891952510225819057860808666190446592000000000000000000000
s SATISFIABLE
