c ======================================================
c countAntom, Jan Burchard, University of Freiburg, 2015
c   based on the antom SAT-solver, by Tobias Schubert   
c ======================================================
c cnf file...............: ../../501_Git_Repos/busybox-data/data//busybox_monthly//2010-05-02_14-17-07/clean.dimacs
c #variables.............: 803
c #clauses...............: 681
c ======================= Settings ============================
c number of threads......: 4
c memory size............: 4000
c vsads factor...........: 0.5000
c enable IBCP............: no
c split into components..: yes
c only preprocessing.....: no
c Tseitin detection......: yes
c UPLA...................: yes
c self-subsumption.......: yes
c variable elimination...: yes
c simplfication rounds...: 4
c add dependencies.......: yes
c ==================Start Preprocessing========================
c deduce added 				8 new implications
c UPLA removed 18 equivalent variables
c Tseitin detection found 4 AND gates, 6 OR gates, 0 XOR gates, 0 EQUIV gates, 
c subsumption removed 			32 clauses 
c selfSubsumption removed 		3 literals
c
c simplify: round 0
c deduce added 				0 new implications
c variableElimination eliminated 	111 variables!
c selfSubsumption removed 		0 literals
c deduce added				0 new implications
c subsumption removed 			7 clauses 
c
c simplify: round 1
c deduce added 				0 new implications
c variableElimination eliminated 	2 variables!
c selfSubsumption removed 		0 literals
c deduce added				0 new implications
c subsumption removed 			0 clauses 
c
c simplify: round 2
c deduce added 				0 new implications
c variableElimination eliminated 	0 variables!
c selfSubsumption removed 		0 literals
c deduce added				0 new implications
c subsumption removed 			0 clauses 
c
c simplify: round 3
c deduce added 				0 new implications
c variableElimination eliminated 	0 variables!
c selfSubsumption removed 		0 literals
c deduce added				0 new implications
c subsumption removed 			0 clauses 
c subsumption removed 			2 clauses 
c ================Preprocessing Finished=======================
c clauses: 628, variables: 591


c =================Computation Finished========================
c =======================Thread 0==============================
c decisions         : 97
c bcps              : 679
c conflicts         : 0
c aborted components: 0
c blocks            : 1
c backtracks        : 194
c backtrack dist    : 1.9742
c recomputations    : 0
c splits            : 81
c split ratio       : 5.3086
c =======================Thread 1==============================
c decisions         : 84
c bcps              : 575
c conflicts         : 0
c aborted components: 0
c blocks            : 5
c backtracks        : 168
c backtrack dist    : 1.9762
c recomputations    : 0
c splits            : 70
c split ratio       : 3.3429
c =======================Thread 2==============================
c decisions         : 70
c bcps              : 518
c conflicts         : 0
c aborted components: 0
c blocks            : 7
c backtracks        : 140
c backtrack dist    : 2.2143
c recomputations    : 0
c splits            : 52
c split ratio       : 3.5577
c =======================Thread 3==============================
c decisions         : 68
c bcps              : 522
c conflicts         : 0
c aborted components: 0
c blocks            : 7
c backtracks        : 136
c backtrack dist    : 2.2500
c recomputations    : 0
c splits            : 59
c split ratio       : 3.1864
c ===================Cache Statistics==========================
c tries..................: 662
c hits...................: 343
c hit rate...............: 51.8127 % 
c removed items..........: 0
c ===================Overall Statistics========================
c TOTAL backtracks.......: 638
c TOTAL backtrack dist...: 2.0862
c TOTAL recomputations...: 0
c #decisions.............: 319
c #bcp operations........: 2294
c split ratio............: 0.0000
c cpu time...............: 0.0168 s
c wall clock time........: 0.0127 s
c =========================================================
c model count............: 43092334973060016545968803566457621953194876581246456757661470789943349439633600083695865096029497080702664778174974427854210684969743910484620036995675695224888362428006400000000000000000000000
s SATISFIABLE
