c ======================================================
c countAntom, Jan Burchard, University of Freiburg, 2015
c   based on the antom SAT-solver, by Tobias Schubert   
c ======================================================
c cnf file...............: ../../501_Git_Repos/busybox-data/data//busybox_monthly//2010-03-02_15-02-45/clean.dimacs
c #variables.............: 793
c #clauses...............: 681
c ======================= Settings ============================
c number of threads......: 4
c memory size............: 4000
c vsads factor...........: 0.5000
c enable IBCP............: no
c split into components..: yes
c only preprocessing.....: no
c Tseitin detection......: yes
c UPLA...................: yes
c self-subsumption.......: yes
c variable elimination...: yes
c simplfication rounds...: 4
c add dependencies.......: yes
c ==================Start Preprocessing========================
c deduce added 				8 new implications
c UPLA removed 17 equivalent variables
c Tseitin detection found 4 AND gates, 6 OR gates, 0 XOR gates, 0 EQUIV gates, 
c subsumption removed 			36 clauses 
c selfSubsumption removed 		3 literals
c
c simplify: round 0
c deduce added 				0 new implications
c variableElimination eliminated 	111 variables!
c selfSubsumption removed 		0 literals
c deduce added				0 new implications
c subsumption removed 			7 clauses 
c
c simplify: round 1
c deduce added 				0 new implications
c variableElimination eliminated 	1 variables!
c selfSubsumption removed 		0 literals
c deduce added				0 new implications
c subsumption removed 			0 clauses 
c
c simplify: round 2
c deduce added 				0 new implications
c variableElimination eliminated 	0 variables!
c selfSubsumption removed 		0 literals
c deduce added				0 new implications
c subsumption removed 			0 clauses 
c
c simplify: round 3
c deduce added 				0 new implications
c variableElimination eliminated 	0 variables!
c selfSubsumption removed 		0 literals
c deduce added				0 new implications
c subsumption removed 			0 clauses 
c subsumption removed 			5 clauses 
c ================Preprocessing Finished=======================
c clauses: 618, variables: 583


c =================Computation Finished========================
c =======================Thread 0==============================
c decisions         : 100
c bcps              : 747
c conflicts         : 0
c aborted components: 0
c blocks            : 1
c backtracks        : 200
c backtrack dist    : 1.9800
c recomputations    : 0
c splits            : 112
c split ratio       : 4.4911
c =======================Thread 1==============================
c decisions         : 95
c bcps              : 661
c conflicts         : 0
c aborted components: 0
c blocks            : 7
c backtracks        : 190
c backtrack dist    : 2.0053
c recomputations    : 0
c splits            : 106
c split ratio       : 2.8208
c =======================Thread 2==============================
c decisions         : 89
c bcps              : 716
c conflicts         : 0
c aborted components: 0
c blocks            : 17
c backtracks        : 178
c backtrack dist    : 2.5674
c recomputations    : 0
c splits            : 66
c split ratio       : 3.2273
c =======================Thread 3==============================
c decisions         : 86
c bcps              : 684
c conflicts         : 0
c aborted components: 0
c blocks            : 17
c backtracks        : 172
c backtrack dist    : 2.4360
c recomputations    : 0
c splits            : 73
c split ratio       : 3.1918
c ===================Cache Statistics==========================
c tries..................: 866
c hits...................: 496
c hit rate...............: 57.2748 % 
c removed items..........: 0
c ===================Overall Statistics========================
c TOTAL backtracks.......: 740
c TOTAL backtrack dist...: 2.2338
c TOTAL recomputations...: 0
c #decisions.............: 370
c #bcp operations........: 2808
c split ratio............: 0.0000
c cpu time...............: 0.0202 s
c wall clock time........: 0.0137 s
c =========================================================
c model count............: 283553565716102585733432850183444307184996795461032475064978000217107167878637090443509320803223910468957685780790032500930112011535600754368873914125157791400881647779840000000000000000000000
s SATISFIABLE
